<?xml version="1.0" encoding="UTF-8"?>
<!-- Generated by org.testng.reporters.JUnitXMLReporter -->
<testsuite ignored="0" hostname="Saleem" failures="4" tests="5" name="ebanking" time="64.327" errors="0" timestamp="2023-09-18T22:59:14 IST">
  <testcase classname="com.banking.testcase.TC_LoginPageDDT02" name="loginDDT" time="16.225"/>
  <testcase classname="com.banking.testcase.TC_LoginPageDDT02" name="loginDDT" time="24.042">
    <failure type="java.lang.AssertionError" message="expected [true] but found [false]">
      <![CDATA[java.lang.AssertionError: expected [true] but found [false]
at com.banking.testcase.TC_LoginPageDDT02.loginDDT(TC_LoginPageDDT02.java:33)
at java.base/java.util.ArrayList.forEach(ArrayList.java:1511)
... Removed 31 stack frames]]>
    </failure>
  </testcase> <!-- loginDDT -->
  <testcase classname="com.banking.testcase.TC_LoginPageDDT02" name="loginDDT" time="8.218">
    <failure type="java.lang.AssertionError" message="expected [true] but found [false]">
      <![CDATA[java.lang.AssertionError: expected [true] but found [false]
at com.banking.testcase.TC_LoginPageDDT02.loginDDT(TC_LoginPageDDT02.java:33)
at java.base/java.util.ArrayList.forEach(ArrayList.java:1511)
... Removed 31 stack frames]]>
    </failure>
  </testcase> <!-- loginDDT -->
  <testcase classname="com.banking.testcase.TC_LoginPageDDT02" name="loginDDT" time="6.286">
    <failure type="java.lang.AssertionError" message="expected [true] but found [false]">
      <![CDATA[java.lang.AssertionError: expected [true] but found [false]
at com.banking.testcase.TC_LoginPageDDT02.loginDDT(TC_LoginPageDDT02.java:33)
at java.base/java.util.ArrayList.forEach(ArrayList.java:1511)
... Removed 31 stack frames]]>
    </failure>
  </testcase> <!-- loginDDT -->
  <testcase classname="com.banking.testcase.TC_LoginPageDDT02" name="loginDDT" time="0.039">
    <failure type="java.lang.IllegalArgumentException" message="Keys to send should be a not null CharSequence">
      <![CDATA[java.lang.IllegalArgumentException: Keys to send should be a not null CharSequence
at org.openqa.selenium.remote.RemoteWebElement.sendKeys(RemoteWebElement.java:97)
at org.openqa.selenium.support.pagefactory.internal.LocatingElementHandler.invoke(LocatingElementHandler.java:51)
at jdk.proxy2/jdk.proxy2.$Proxy19.sendKeys(Unknown Source)
at com.banking.pageobjects.LoginPage.setUser(LoginPage.java:34)
at com.banking.testcase.TC_LoginPageDDT02.loginDDT(TC_LoginPageDDT02.java:21)
at java.base/java.util.ArrayList.forEach(ArrayList.java:1511)
... Removed 31 stack frames]]>
    </failure>
  </testcase> <!-- loginDDT -->
</testsuite> <!-- ebanking -->
